<?xml version="1.0" encoding="UTF-8"?>
<!-- Generated by org.testng.reporters.JUnitReportReporter -->
<testsuite skipped="0" hostname="Veenas-MacBook-Pro-2.local" name="com.veena.learn.excel.ExcelUtilityTest" tests="2" failures="0" timestamp="21 Mar 2018 21:34:06 GMT" time="6.763" errors="0">
  <testcase name="readASheet" time="0.038" classname="com.veena.learn.excel.ExcelUtilityTest"/>
  <testcase name="executeAll" time="6.725" classname="com.veena.learn.excel.ExcelUtilityTest"/>
</testsuite> <!-- com.veena.learn.excel.ExcelUtilityTest -->
